{
  "RSpec": {
    "coverage": {
      "/Users/aarongreenspan/code-challenges/rachio/rachio-challenge/app/controllers/api/v1/sessions_controller.rb": [
        1,
        1,
        9,
        9,
        8,
        8,
        8,
        null,
        1,
        1,
        null,
        null,
        null,
        1,
        1,
        1,
        1,
        1,
        null,
        null
      ],
      "/Users/aarongreenspan/code-challenges/rachio/rachio-challenge/app/controllers/application_controller.rb": [
        1,
        1,
        1,
        null,
        1,
        52,
        null,
        null,
        1,
        9,
        null,
        null,
        1,
        16,
        9,
        null,
        7,
        null,
        null,
        null
      ],
      "/Users/aarongreenspan/code-challenges/rachio/rachio-challenge/app/models/user.rb": [
        1,
        1,
        1,
        1,
        null,
        1,
        10,
        5,
        null,
        null,
        null,
        1,
        9,
        4,
        null,
        null,
        null,
        null,
        null,
        9,
        null,
        null
      ],
      "/Users/aarongreenspan/code-challenges/rachio/rachio-challenge/app/models/device_loader.rb": [
        1,
        1,
        5,
        5,
        5,
        5,
        5,
        5,
        5,
        5,
        5,
        null,
        5,
        null,
        null,
        1,
        5,
        40,
        40,
        40,
        40,
        40,
        null,
        null,
        null
      ],
      "/Users/aarongreenspan/code-challenges/rachio/rachio-challenge/app/models/rachio_api_service.rb": [
        1,
        1,
        null,
        1,
        11,
        11,
        11,
        11,
        null,
        null,
        1,
        11,
        11,
        11,
        null,
        null,
        1,
        5,
        null,
        null,
        1,
        10,
        null,
        null,
        1,
        16,
        16,
        16,
        16,
        null,
        16,
        null,
        null,
        1,
        1,
        1,
        1,
        1,
        1,
        null,
        1,
        null,
        null
      ],
      "/Users/aarongreenspan/code-challenges/rachio/rachio-challenge/app/models/device.rb": [
        1,
        1,
        1,
        null,
        1,
        4,
        32,
        null,
        null,
        null,
        null,
        null,
        null,
        null,
        4,
        null,
        null
      ],
      "/Users/aarongreenspan/code-challenges/rachio/rachio-challenge/app/controllers/rachio_controller.rb": [
        1,
        1,
        null,
        null
      ],
      "/Users/aarongreenspan/code-challenges/rachio/rachio-challenge/app/models/zone.rb": [
        1,
        1,
        null,
        1,
        null,
        null,
        null,
        null,
        null,
        32,
        null,
        null
      ],
      "/Users/aarongreenspan/code-challenges/rachio/rachio-challenge/app/controllers/api/v1/devices_controller.rb": [
        1,
        1,
        1,
        1,
        1,
        1,
        1,
        null,
        0,
        null,
        1,
        null,
        null,
        1,
        null,
        1,
        null,
        2,
        1,
        null,
        null
      ]
    },
    "timestamp": 1462910642
  }
}
